<?xml version="1.0" encoding="UTF-8"?>
<!-- Generated by org.testng.reporters.JUnitReportReporter -->
<testsuite skipped="0" hostname="IND-BLR-LT10086" name="SeleniumPlusJava.AmazonTest" tests="3" failures="0" timestamp="21 Feb 2021 19:44:05 GMT" time="4748.849" errors="0">
  <testcase name="fibnocci" time="4748.827" classname="SeleniumPlusJava.AmazonTest"/>
  <testcase name="fibnocci" time="0.009" classname="SeleniumPlusJava.AmazonTest"/>
  <testcase name="leapYear" time="0.013" classname="SeleniumPlusJava.AmazonTest"/>
</testsuite> <!-- SeleniumPlusJava.AmazonTest -->
