<?xml version="1.0" encoding="UTF-8"?>
<!-- Generated by org.testng.reporters.JUnitReportReporter -->
<testsuite skipped="0" hostname="IND-BLR-LT10086" name="TestNG.Test5" tests="5" failures="0" timestamp="05 Apr 2021 18:42:37 GMT" time="0.011" errors="0">
  <testcase name="testPr2" time="0.007" classname="TestNG.Test5"/>
  <testcase name="testPr4" time="0.001" classname="TestNG.Test5"/>
  <testcase name="testPr5" time="0.001" classname="TestNG.Test5"/>
  <testcase name="testPr6" time="0.001" classname="TestNG.Test5"/>
  <testcase name="testPr3" time="0.001" classname="TestNG.Test5"/>
</testsuite> <!-- TestNG.Test5 -->
