<?xml version="1.0" encoding="UTF-8"?>
<!-- Generated by org.testng.reporters.JUnitReportReporter -->
<testsuite skipped="0" hostname="IND-BLR-LT10086" name="TestNG.PriorityTest" tests="4" failures="0" timestamp="09 Apr 2021 07:22:52 GMT" time="0.021" errors="0">
  <testcase name="best2" time="0.015" classname="TestNG.PriorityTest"/>
  <testcase name="aest1" time="0.002" classname="TestNG.PriorityTest"/>
  <testcase name="t" time="0.002" classname="TestNG.PriorityTest"/>
  <testcase name="abst2" time="0.002" classname="TestNG.PriorityTest"/>
</testsuite> <!-- TestNG.PriorityTest -->
