<?xml version="1.0" encoding="UTF-8"?>
<!-- Generated by org.testng.reporters.JUnitReportReporter -->
<testsuite skipped="0" hostname="IND-BLR-LT10086" name="TestNG.StringTest" tests="1" failures="0" timestamp="07 Apr 2021 12:03:20 GMT" time="0.008" errors="0">
  <testcase name="stringCompare" time="0.008" classname="TestNG.StringTest"/>
</testsuite> <!-- TestNG.StringTest -->
