<?xml version="1.0" encoding="UTF-8"?>
<!-- Generated by org.testng.reporters.JUnitReportReporter -->
<testsuite skipped="0" hostname="IND-BLR-LT10086" name="TestNG.Test3" tests="1" failures="0" timestamp="30 Mar 2021 20:16:40 GMT" time="0.003" errors="0">
  <testcase name="test" time="0.003" classname="TestNG.Test3"/>
</testsuite> <!-- TestNG.Test3 -->
