<?xml version="1.0" encoding="UTF-8"?>
<!-- Generated by org.testng.reporters.JUnitReportReporter -->
<testsuite skipped="0" hostname="IND-BLR-LT10086" name="TestNG.Test6" tests="2" failures="0" timestamp="30 Mar 2021 23:26:04 GMT" time="0.009" errors="0">
  <testcase name="parameterTest" time="0.008" classname="TestNG.Test6"/>
  <testcase name="saTest1" time="0.001" classname="TestNG.Test6"/>
</testsuite> <!-- TestNG.Test6 -->
