<?xml version="1.0" encoding="UTF-8"?>
<!-- Generated by org.testng.reporters.JUnitReportReporter -->
<testsuite skipped="0" hostname="IND-BLR-LT10086" name="TestNG.Test2" tests="3" failures="0" timestamp="30 Mar 2021 23:26:04 GMT" time="0.010" errors="0">
  <testcase name="test3" time="0.001" classname="TestNG.Test2"/>
  <testcase name="set1" time="0.008" classname="TestNG.Test2"/>
  <testcase name="test2" time="0.001" classname="TestNG.Test2"/>
</testsuite> <!-- TestNG.Test2 -->
