<?xml version="1.0" encoding="UTF-8"?>
<!-- Generated by org.testng.reporters.JUnitReportReporter -->
<testsuite skipped="0" hostname="IND-BLR-LT10086" name="TestNG.Test1" tests="1" failures="0" timestamp="28 Jan 2021 23:41:53 GMT" time="0.006" errors="0">
  <testcase name="method1" time="0.006" classname="TestNG.Test1"/>
</testsuite> <!-- TestNG.Test1 -->
