<?xml version="1.0" encoding="UTF-8"?>
<!-- Generated by org.testng.reporters.JUnitReportReporter -->
<testsuite skipped="0" hostname="IND-BLR-LT10086" name="DataDriven.testNG" tests="1" failures="0" timestamp="28 Jan 2021 22:38:37 GMT" time="0.007" errors="0">
  <testcase name="method1" time="0.007" classname="DataDriven.testNG"/>
</testsuite> <!-- DataDriven.testNG -->
