<?xml version="1.0" encoding="UTF-8"?>
<!-- Generated by org.testng.reporters.JUnitReportReporter -->
<testsuite skipped="0" hostname="IND-BLR-LT10086" name="TestNG.Test7" tests="1" failures="0" timestamp="05 Apr 2021 19:14:32 GMT" time="0.004" errors="0">
  <testcase name="sampleTest5" time="0.004" classname="TestNG.Test7"/>
</testsuite> <!-- TestNG.Test7 -->
