<?xml version="1.0" encoding="UTF-8"?>
<!-- Generated by org.testng.reporters.JUnitReportReporter -->
<testsuite skipped="0" hostname="IND-BLR-LT10086" name="TestNG.Test4" tests="1" failures="0" timestamp="05 Apr 2021 18:42:21 GMT" time="0.008" errors="0">
  <testcase name="group1" time="0.008" classname="TestNG.Test4"/>
</testsuite> <!-- TestNG.Test4 -->
